Flow report for rca
Sun Mar 16 15:11:30 2025
Quartus II 64-Bit Version 13.1.0 Build 162 10/23/2013 SJ Web Edition


---------------------
; Table of Contents ;
---------------------
  1. Legal Notice
  2. Flow Summary
  3. Flow Settings
  4. Flow Non-Default Global Settings
  5. Flow Elapsed Time
  6. Flow OS Summary
  7. Flow Log
  8. Flow Messages
  9. Flow Suppressed Messages



----------------
; Legal Notice ;
----------------
Copyright (C) 1991-2013 Altera Corporation
Your use of Altera Corporation's design tools, logic functions 
and other software and tools, and its AMPP partner logic 
functions, and any output files from any of the foregoing 
(including device programming or simulation files), and any 
associated documentation or information are expressly subject 
to the terms and conditions of the Altera Program License 
Subscription Agreement, Altera MegaCore Function License 
Agreement, or other applicable license agreement, including, 
without limitation, that your use is for the sole purpose of 
programming logic devices manufactured by Altera and sold by 
Altera or its authorized distributors.  Please refer to the 
applicable agreement for further details.



+---------------------------------------------------------------------------------+
; Flow Summary                                                                    ;
+------------------------------------+--------------------------------------------+
; Flow Status                        ; Successful - Sun Mar 16 15:11:30 2025      ;
; Quartus II 64-Bit Version          ; 13.1.0 Build 162 10/23/2013 SJ Web Edition ;
; Revision Name                      ; rca                                        ;
; Top-level Entity Name              ; rca                                        ;
; Family                             ; Cyclone III                                ;
; Total logic elements               ; 8 / 5,136 ( < 1 % )                        ;
;     Total combinational functions  ; 8 / 5,136 ( < 1 % )                        ;
;     Dedicated logic registers      ; 0 / 5,136 ( 0 % )                          ;
; Total registers                    ; 0                                          ;
; Total pins                         ; 13 / 183 ( 7 % )                           ;
; Total virtual pins                 ; 0                                          ;
; Total memory bits                  ; 0 / 423,936 ( 0 % )                        ;
; Embedded Multiplier 9-bit elements ; 0 / 46 ( 0 % )                             ;
; Total PLLs                         ; 0 / 2 ( 0 % )                              ;
; Device                             ; EP3C5F256C6                                ;
; Timing Models                      ; Final                                      ;
+------------------------------------+--------------------------------------------+


+-----------------------------------------+
; Flow Settings                           ;
+-------------------+---------------------+
; Option            ; Setting             ;
+-------------------+---------------------+
; Start date & time ; 03/16/2025 14:34:55 ;
; Main task         ; Compilation         ;
; Revision Name     ; rca                 ;
+-------------------+---------------------+


+-------------------------------------------------------------------------------------------------------------+
; Flow Non-Default Global Settings                                                                            ;
+-------------------------------------+------------------------+---------------+-------------+----------------+
; Assignment Name                     ; Value                  ; Default Value ; Entity Name ; Section Id     ;
+-------------------------------------+------------------------+---------------+-------------+----------------+
; COMPILER_SIGNATURE_ID               ; 0.174214649506343      ; --            ; --          ; --             ;
; EDA_OUTPUT_DATA_FORMAT              ; Vhdl                   ; --            ; --          ; eda_simulation ;
; EDA_SIMULATION_TOOL                 ; ModelSim-Altera (VHDL) ; <None>        ; --          ; --             ;
; PARTITION_COLOR                     ; 16764057               ; --            ; --          ; Top            ;
; PARTITION_FITTER_PRESERVATION_LEVEL ; PLACEMENT_AND_ROUTING  ; --            ; --          ; Top            ;
; PARTITION_NETLIST_TYPE              ; SOURCE                 ; --            ; --          ; Top            ;
; PROJECT_OUTPUT_DIRECTORY            ; output_files           ; --            ; --          ; --             ;
+-------------------------------------+------------------------+---------------+-------------+----------------+


+-------------------------------------------------------------------------------------------------------------------------------+
; Flow Elapsed Time                                                                                                             ;
+---------------------------+--------------+-------------------------+---------------------+------------------------------------+
; Module Name               ; Elapsed Time ; Average Processors Used ; Peak Virtual Memory ; Total CPU Time (on all processors) ;
+---------------------------+--------------+-------------------------+---------------------+------------------------------------+
; Analysis & Synthesis      ; 00:00:01     ; 1.0                     ; 592 MB              ; 00:00:01                           ;
; Fitter                    ; 00:00:03     ; 1.0                     ; 794 MB              ; 00:00:03                           ;
; Assembler                 ; 00:00:00     ; 1.0                     ; 577 MB              ; 00:00:01                           ;
; TimeQuest Timing Analyzer ; 00:00:01     ; 1.0                     ; 578 MB              ; 00:00:01                           ;
; EDA Netlist Writer        ; 00:00:01     ; 1.0                     ; 816 MB              ; 00:00:00                           ;
; EDA Netlist Writer        ; 00:00:01     ; 1.0                     ; 832 MB              ; 00:00:00                           ;
; EDA Netlist Writer        ; 00:00:00     ; 1.0                     ; 832 MB              ; 00:00:00                           ;
; EDA Netlist Writer        ; 00:00:01     ; 1.0                     ; 832 MB              ; 00:00:00                           ;
; EDA Netlist Writer        ; 00:00:00     ; 1.0                     ; 832 MB              ; 00:00:00                           ;
; EDA Netlist Writer        ; 00:00:00     ; 1.0                     ; 832 MB              ; 00:00:00                           ;
; EDA Netlist Writer        ; 00:00:01     ; 1.0                     ; 832 MB              ; 00:00:00                           ;
; EDA Netlist Writer        ; 00:00:00     ; 1.0                     ; 832 MB              ; 00:00:00                           ;
; EDA Netlist Writer        ; 00:00:00     ; 1.0                     ; 832 MB              ; 00:00:00                           ;
; EDA Netlist Writer        ; 00:00:00     ; 1.0                     ; 832 MB              ; 00:00:00                           ;
; EDA Netlist Writer        ; 00:00:00     ; 1.0                     ; 832 MB              ; 00:00:00                           ;
; EDA Netlist Writer        ; 00:00:00     ; 1.0                     ; 832 MB              ; 00:00:00                           ;
; EDA Netlist Writer        ; 00:00:00     ; 1.0                     ; 832 MB              ; 00:00:00                           ;
; EDA Netlist Writer        ; 00:00:00     ; 1.0                     ; 832 MB              ; 00:00:00                           ;
; EDA Netlist Writer        ; 00:00:00     ; 1.0                     ; 832 MB              ; 00:00:00                           ;
; EDA Netlist Writer        ; 00:00:00     ; 1.0                     ; 832 MB              ; 00:00:00                           ;
; EDA Netlist Writer        ; 00:00:00     ; 1.0                     ; 832 MB              ; 00:00:00                           ;
; EDA Netlist Writer        ; 00:00:00     ; 1.0                     ; 832 MB              ; 00:00:00                           ;
; EDA Netlist Writer        ; 00:00:01     ; 1.0                     ; 832 MB              ; 00:00:00                           ;
; EDA Netlist Writer        ; 00:00:00     ; 1.0                     ; 832 MB              ; 00:00:00                           ;
; EDA Netlist Writer        ; 00:00:00     ; 1.0                     ; 832 MB              ; 00:00:00                           ;
; EDA Netlist Writer        ; 00:00:00     ; 1.0                     ; 832 MB              ; 00:00:00                           ;
; EDA Netlist Writer        ; 00:00:00     ; 1.0                     ; 832 MB              ; 00:00:00                           ;
; EDA Netlist Writer        ; 00:00:00     ; 1.0                     ; 832 MB              ; 00:00:00                           ;
; EDA Netlist Writer        ; 00:00:01     ; 1.0                     ; 832 MB              ; 00:00:00                           ;
; EDA Netlist Writer        ; 00:00:00     ; 1.0                     ; 832 MB              ; 00:00:00                           ;
; EDA Netlist Writer        ; 00:00:00     ; 1.0                     ; 832 MB              ; 00:00:00                           ;
; Total                     ; 00:00:11     ; --                      ; --                  ; 00:00:06                           ;
+---------------------------+--------------+-------------------------+---------------------+------------------------------------+


+-------------------------------------------------------------------------------------------+
; Flow OS Summary                                                                           ;
+---------------------------+------------------+--------------+------------+----------------+
; Module Name               ; Machine Hostname ; OS Name      ; OS Version ; Processor type ;
+---------------------------+------------------+--------------+------------+----------------+
; Analysis & Synthesis      ; ubuntu           ; Ubuntu 24.10 ; 24         ; x86_64         ;
; Fitter                    ; ubuntu           ; Ubuntu 24.10 ; 24         ; x86_64         ;
; Assembler                 ; ubuntu           ; Ubuntu 24.10 ; 24         ; x86_64         ;
; TimeQuest Timing Analyzer ; ubuntu           ; Ubuntu 24.10 ; 24         ; x86_64         ;
; EDA Netlist Writer        ; ubuntu           ; Ubuntu 24.10 ; 24         ; x86_64         ;
; EDA Netlist Writer        ; ubuntu           ; Ubuntu 24.10 ; 24         ; x86_64         ;
; EDA Netlist Writer        ; ubuntu           ; Ubuntu 24.10 ; 24         ; x86_64         ;
; EDA Netlist Writer        ; ubuntu           ; Ubuntu 24.10 ; 24         ; x86_64         ;
; EDA Netlist Writer        ; ubuntu           ; Ubuntu 24.10 ; 24         ; x86_64         ;
; EDA Netlist Writer        ; ubuntu           ; Ubuntu 24.10 ; 24         ; x86_64         ;
; EDA Netlist Writer        ; ubuntu           ; Ubuntu 24.10 ; 24         ; x86_64         ;
; EDA Netlist Writer        ; ubuntu           ; Ubuntu 24.10 ; 24         ; x86_64         ;
; EDA Netlist Writer        ; ubuntu           ; Ubuntu 24.10 ; 24         ; x86_64         ;
; EDA Netlist Writer        ; ubuntu           ; Ubuntu 24.10 ; 24         ; x86_64         ;
; EDA Netlist Writer        ; ubuntu           ; Ubuntu 24.10 ; 24         ; x86_64         ;
; EDA Netlist Writer        ; ubuntu           ; Ubuntu 24.10 ; 24         ; x86_64         ;
; EDA Netlist Writer        ; ubuntu           ; Ubuntu 24.10 ; 24         ; x86_64         ;
; EDA Netlist Writer        ; ubuntu           ; Ubuntu 24.10 ; 24         ; x86_64         ;
; EDA Netlist Writer        ; ubuntu           ; Ubuntu 24.10 ; 24         ; x86_64         ;
; EDA Netlist Writer        ; ubuntu           ; Ubuntu 24.10 ; 24         ; x86_64         ;
; EDA Netlist Writer        ; ubuntu           ; Ubuntu 24.10 ; 24         ; x86_64         ;
; EDA Netlist Writer        ; ubuntu           ; Ubuntu 24.10 ; 24         ; x86_64         ;
; EDA Netlist Writer        ; ubuntu           ; Ubuntu 24.10 ; 24         ; x86_64         ;
; EDA Netlist Writer        ; ubuntu           ; Ubuntu 24.10 ; 24         ; x86_64         ;
; EDA Netlist Writer        ; ubuntu           ; Ubuntu 24.10 ; 24         ; x86_64         ;
; EDA Netlist Writer        ; ubuntu           ; Ubuntu 24.10 ; 24         ; x86_64         ;
; EDA Netlist Writer        ; ubuntu           ; Ubuntu 24.10 ; 24         ; x86_64         ;
; EDA Netlist Writer        ; ubuntu           ; Ubuntu 24.10 ; 24         ; x86_64         ;
; EDA Netlist Writer        ; ubuntu           ; Ubuntu 24.10 ; 24         ; x86_64         ;
; EDA Netlist Writer        ; ubuntu           ; Ubuntu 24.10 ; 24         ; x86_64         ;
; EDA Netlist Writer        ; ubuntu           ; Ubuntu 24.10 ; 24         ; x86_64         ;
+---------------------------+------------------+--------------+------------+----------------+


------------
; Flow Log ;
------------
quartus_map --read_settings_files=on --write_settings_files=off rca -c rca
quartus_fit --read_settings_files=off --write_settings_files=off rca -c rca
quartus_asm --read_settings_files=off --write_settings_files=off rca -c rca
quartus_sta rca -c rca
quartus_eda --read_settings_files=off --write_settings_files=off rca -c rca
quartus_eda --gen_testbench --check_outputs=on --tool=modelsim_oem --format=verilog rca -c rca --vector_source=/home/bsag/Downloads/LAB01/waveform.vwf --testbench_file=/home/bsag/Downloads/LAB01/simulation/qsim/waveform.vwf.vt
quartus_eda --functional=on --flatten_buses=off --simulation=on --tool=modelsim_oem --format=verilog --output_directory=/home/bsag/Downloads/LAB01/simulation/qsim/ rca -c rca
quartus_eda --gen_testbench --check_outputs=on --tool=modelsim_oem --format=verilog rca -c rca --vector_source=/home/bsag/Downloads/LAB01/waveform.vwf --testbench_file=/home/bsag/Downloads/LAB01/simulation/qsim/waveform.vwf.vt
quartus_eda --functional=on --flatten_buses=off --simulation=on --tool=modelsim_oem --format=verilog --output_directory=/home/bsag/Downloads/LAB01/simulation/qsim/ rca -c rca
quartus_eda --gen_testbench --check_outputs=on --tool=modelsim_oem --format=verilog rca -c rca --vector_source=/home/bsag/Downloads/LAB01/waveform.vwf --testbench_file=/home/bsag/Downloads/LAB01/simulation/qsim/waveform.vwf.vt
quartus_eda --functional=on --flatten_buses=off --simulation=on --tool=modelsim_oem --format=verilog --output_directory=/home/bsag/Downloads/LAB01/simulation/qsim/ rca -c rca
quartus_eda --gen_testbench --check_outputs=on --tool=modelsim_oem --format=verilog rca -c rca --vector_source=/home/bsag/Downloads/LAB01/waveform.vwf --testbench_file=/home/bsag/Downloads/LAB01/simulation/qsim/waveform.vwf.vt
quartus_eda --functional=on --flatten_buses=off --simulation=on --tool=modelsim_oem --format=verilog --output_directory=/home/bsag/Downloads/LAB01/simulation/qsim/ rca -c rca
quartus_eda --gen_testbench --check_outputs=on --tool=modelsim_oem --format=verilog rca -c rca --vector_source=/home/bsag/Downloads/LAB01/waveform.vwf --testbench_file=/home/bsag/Downloads/LAB01/simulation/qsim/waveform.vwf.vt
quartus_eda --functional=on --flatten_buses=off --simulation=on --tool=modelsim_oem --format=verilog --output_directory=/home/bsag/Downloads/LAB01/simulation/qsim/ rca -c rca
quartus_eda --gen_testbench --check_outputs=on --tool=modelsim_oem --format=verilog rca -c rca --vector_source=/home/bsag/Downloads/LAB01/waveform.vwf --testbench_file=/home/bsag/Downloads/LAB01/simulation/qsim/waveform.vwf.vt
quartus_eda --functional=on --flatten_buses=off --simulation=on --tool=modelsim_oem --format=verilog --output_directory=/home/bsag/Downloads/LAB01/simulation/qsim/ rca -c rca
quartus_eda --gen_testbench --check_outputs=on --tool=modelsim_oem --format=verilog rca -c rca --vector_source=/home/bsag/Downloads/LAB01/waveform.vwf --testbench_file=/home/bsag/Downloads/LAB01/simulation/qsim/waveform.vwf.vt
quartus_eda --functional=on --flatten_buses=off --simulation=on --tool=modelsim_oem --format=verilog --output_directory=/home/bsag/Downloads/LAB01/simulation/qsim/ rca -c rca
quartus_eda --gen_testbench --check_outputs=on --tool=modelsim_oem --format=verilog rca -c rca --vector_source=/home/bsag/Downloads/LAB01/waveform.vwf --testbench_file=/home/bsag/Downloads/LAB01/simulation/qsim/waveform.vwf.vt
quartus_eda --functional=on --flatten_buses=off --simulation=on --tool=modelsim_oem --format=verilog --output_directory=/home/bsag/Downloads/LAB01/simulation/qsim/ rca -c rca
quartus_eda --gen_testbench --check_outputs=on --tool=modelsim_oem --format=verilog rca -c rca --vector_source=/home/bsag/Downloads/LAB01/waveform.vwf --testbench_file=/home/bsag/Downloads/LAB01/simulation/qsim/waveform.vwf.vt
quartus_eda --functional=on --flatten_buses=off --simulation=on --tool=modelsim_oem --format=verilog --output_directory=/home/bsag/Downloads/LAB01/simulation/qsim/ rca -c rca
quartus_eda --gen_testbench --check_outputs=on --tool=modelsim_oem --format=verilog rca -c rca --vector_source=/home/bsag/Downloads/LAB01/waveform.vwf --testbench_file=/home/bsag/Downloads/LAB01/simulation/qsim/waveform.vwf.vt
quartus_eda --functional=on --flatten_buses=off --simulation=on --tool=modelsim_oem --format=verilog --output_directory=/home/bsag/Downloads/LAB01/simulation/qsim/ rca -c rca
quartus_eda --gen_testbench --check_outputs=on --tool=modelsim_oem --format=verilog rca -c rca --vector_source=/home/bsag/Downloads/LAB01/waveform.vwf --testbench_file=/home/bsag/Downloads/LAB01/simulation/qsim/waveform.vwf.vt
quartus_eda --functional=on --flatten_buses=off --simulation=on --tool=modelsim_oem --format=verilog --output_directory=/home/bsag/Downloads/LAB01/simulation/qsim/ rca -c rca
quartus_eda --gen_testbench --check_outputs=on --tool=modelsim_oem --format=verilog rca -c rca --vector_source=/home/bsag/Downloads/LAB01/waveform.vwf --testbench_file=/home/bsag/Downloads/LAB01/simulation/qsim/waveform.vwf.vt
quartus_eda --functional=on --flatten_buses=off --simulation=on --tool=modelsim_oem --format=verilog --output_directory=/home/bsag/Downloads/LAB01/simulation/qsim/ rca -c rca
quartus_eda --gen_testbench --check_outputs=on --tool=modelsim_oem --format=verilog rca -c rca --vector_source=/home/bsag/Downloads/LAB01/waveform.vwf --testbench_file=/home/bsag/Downloads/LAB01/simulation/qsim/waveform.vwf.vt
quartus_eda --functional=on --flatten_buses=off --simulation=on --tool=modelsim_oem --format=verilog --output_directory=/home/bsag/Downloads/LAB01/simulation/qsim/ rca -c rca



