Analysis & Synthesis report for rca4
Thu Apr 24 08:52:48 2025
Quartus II 64-Bit Version 13.1.0 Build 162 10/23/2013 SJ Web Edition


---------------------
; Table of Contents ;
---------------------
  1. Legal Notice
  2. Analysis & Synthesis Summary
  3. Analysis & Synthesis Settings
  4. Parallel Compilation
  5. Analysis & Synthesis Source Files Read
  6. Analysis & Synthesis Resource Usage Summary
  7. Analysis & Synthesis Resource Utilization by Entity
  8. General Register Statistics
  9. Multiplexer Restructuring Statistics (Restructuring Performed)
 10. Elapsed Time Per Partition
 11. Analysis & Synthesis Messages



----------------
; Legal Notice ;
----------------
Copyright (C) 1991-2013 Altera Corporation
Your use of Altera Corporation's design tools, logic functions 
and other software and tools, and its AMPP partner logic 
functions, and any output files from any of the foregoing 
(including device programming or simulation files), and any 
associated documentation or information are expressly subject 
to the terms and conditions of the Altera Program License 
Subscription Agreement, Altera MegaCore Function License 
Agreement, or other applicable license agreement, including, 
without limitation, that your use is for the sole purpose of 
programming logic devices manufactured by Altera and sold by 
Altera or its authorized distributors.  Please refer to the 
applicable agreement for further details.



+---------------------------------------------------------------------------------+
; Analysis & Synthesis Summary                                                    ;
+------------------------------------+--------------------------------------------+
; Analysis & Synthesis Status        ; Successful - Thu Apr 24 08:52:48 2025      ;
; Quartus II 64-Bit Version          ; 13.1.0 Build 162 10/23/2013 SJ Web Edition ;
; Revision Name                      ; rca4                                       ;
; Top-level Entity Name              ; ula                                        ;
; Family                             ; Cyclone III                                ;
; Total logic elements               ; 11                                         ;
;     Total combinational functions  ; 11                                         ;
;     Dedicated logic registers      ; 0                                          ;
; Total registers                    ; 0                                          ;
; Total pins                         ; 16                                         ;
; Total virtual pins                 ; 0                                          ;
; Total memory bits                  ; 0                                          ;
; Embedded Multiplier 9-bit elements ; 0                                          ;
; Total PLLs                         ; 0                                          ;
+------------------------------------+--------------------------------------------+


+----------------------------------------------------------------------------------------------------------------------+
; Analysis & Synthesis Settings                                                                                        ;
+----------------------------------------------------------------------------+--------------------+--------------------+
; Option                                                                     ; Setting            ; Default Value      ;
+----------------------------------------------------------------------------+--------------------+--------------------+
; Top-level entity name                                                      ; ula                ; rca4               ;
; Family name                                                                ; Cyclone III        ; Cyclone IV GX      ;
; Use smart compilation                                                      ; Off                ; Off                ;
; Enable parallel Assembler and TimeQuest Timing Analyzer during compilation ; On                 ; On                 ;
; Enable compact report table                                                ; Off                ; Off                ;
; Restructure Multiplexers                                                   ; Auto               ; Auto               ;
; Create Debugging Nodes for IP Cores                                        ; Off                ; Off                ;
; Preserve fewer node names                                                  ; On                 ; On                 ;
; Disable OpenCore Plus hardware evaluation                                  ; Off                ; Off                ;
; Verilog Version                                                            ; Verilog_2001       ; Verilog_2001       ;
; VHDL Version                                                               ; VHDL_1993          ; VHDL_1993          ;
; State Machine Processing                                                   ; Auto               ; Auto               ;
; Safe State Machine                                                         ; Off                ; Off                ;
; Extract Verilog State Machines                                             ; On                 ; On                 ;
; Extract VHDL State Machines                                                ; On                 ; On                 ;
; Ignore Verilog initial constructs                                          ; Off                ; Off                ;
; Iteration limit for constant Verilog loops                                 ; 5000               ; 5000               ;
; Iteration limit for non-constant Verilog loops                             ; 250                ; 250                ;
; Add Pass-Through Logic to Inferred RAMs                                    ; On                 ; On                 ;
; Infer RAMs from Raw Logic                                                  ; On                 ; On                 ;
; Parallel Synthesis                                                         ; On                 ; On                 ;
; DSP Block Balancing                                                        ; Auto               ; Auto               ;
; NOT Gate Push-Back                                                         ; On                 ; On                 ;
; Power-Up Don't Care                                                        ; On                 ; On                 ;
; Remove Redundant Logic Cells                                               ; Off                ; Off                ;
; Remove Duplicate Registers                                                 ; On                 ; On                 ;
; Ignore CARRY Buffers                                                       ; Off                ; Off                ;
; Ignore CASCADE Buffers                                                     ; Off                ; Off                ;
; Ignore GLOBAL Buffers                                                      ; Off                ; Off                ;
; Ignore ROW GLOBAL Buffers                                                  ; Off                ; Off                ;
; Ignore LCELL Buffers                                                       ; Off                ; Off                ;
; Ignore SOFT Buffers                                                        ; On                 ; On                 ;
; Limit AHDL Integers to 32 Bits                                             ; Off                ; Off                ;
; Optimization Technique                                                     ; Balanced           ; Balanced           ;
; Carry Chain Length                                                         ; 70                 ; 70                 ;
; Auto Carry Chains                                                          ; On                 ; On                 ;
; Auto Open-Drain Pins                                                       ; On                 ; On                 ;
; Perform WYSIWYG Primitive Resynthesis                                      ; Off                ; Off                ;
; Auto ROM Replacement                                                       ; On                 ; On                 ;
; Auto RAM Replacement                                                       ; On                 ; On                 ;
; Auto DSP Block Replacement                                                 ; On                 ; On                 ;
; Auto Shift Register Replacement                                            ; Auto               ; Auto               ;
; Allow Shift Register Merging across Hierarchies                            ; Auto               ; Auto               ;
; Auto Clock Enable Replacement                                              ; On                 ; On                 ;
; Strict RAM Replacement                                                     ; Off                ; Off                ;
; Allow Synchronous Control Signals                                          ; On                 ; On                 ;
; Force Use of Synchronous Clear Signals                                     ; Off                ; Off                ;
; Auto RAM Block Balancing                                                   ; On                 ; On                 ;
; Auto RAM to Logic Cell Conversion                                          ; Off                ; Off                ;
; Auto Resource Sharing                                                      ; Off                ; Off                ;
; Allow Any RAM Size For Recognition                                         ; Off                ; Off                ;
; Allow Any ROM Size For Recognition                                         ; Off                ; Off                ;
; Allow Any Shift Register Size For Recognition                              ; Off                ; Off                ;
; Use LogicLock Constraints during Resource Balancing                        ; On                 ; On                 ;
; Ignore translate_off and synthesis_off directives                          ; Off                ; Off                ;
; Timing-Driven Synthesis                                                    ; On                 ; On                 ;
; Report Parameter Settings                                                  ; On                 ; On                 ;
; Report Source Assignments                                                  ; On                 ; On                 ;
; Report Connectivity Checks                                                 ; On                 ; On                 ;
; Ignore Maximum Fan-Out Assignments                                         ; Off                ; Off                ;
; Synchronization Register Chain Length                                      ; 2                  ; 2                  ;
; PowerPlay Power Optimization                                               ; Normal compilation ; Normal compilation ;
; HDL message level                                                          ; Level2             ; Level2             ;
; Suppress Register Optimization Related Messages                            ; Off                ; Off                ;
; Number of Removed Registers Reported in Synthesis Report                   ; 5000               ; 5000               ;
; Number of Swept Nodes Reported in Synthesis Report                         ; 5000               ; 5000               ;
; Number of Inverted Registers Reported in Synthesis Report                  ; 100                ; 100                ;
; Clock MUX Protection                                                       ; On                 ; On                 ;
; Auto Gated Clock Conversion                                                ; Off                ; Off                ;
; Block Design Naming                                                        ; Auto               ; Auto               ;
; SDC constraint protection                                                  ; Off                ; Off                ;
; Synthesis Effort                                                           ; Auto               ; Auto               ;
; Shift Register Replacement - Allow Asynchronous Clear Signal               ; On                 ; On                 ;
; Pre-Mapping Resynthesis Optimization                                       ; Off                ; Off                ;
; Analysis & Synthesis Message Level                                         ; Medium             ; Medium             ;
; Disable Register Merging Across Hierarchies                                ; Auto               ; Auto               ;
; Resource Aware Inference For Block RAM                                     ; On                 ; On                 ;
; Synthesis Seed                                                             ; 1                  ; 1                  ;
+----------------------------------------------------------------------------+--------------------+--------------------+


Parallel compilation was disabled, but you have multiple processors available. Enable parallel compilation to reduce compilation time.
+-------------------------------------+
; Parallel Compilation                ;
+----------------------------+--------+
; Processors                 ; Number ;
+----------------------------+--------+
; Number detected on machine ; 12     ;
; Maximum allowed            ; 1      ;
+----------------------------+--------+


+-------------------------------------------------------------------------------------------------------------------------------------------------+
; Analysis & Synthesis Source Files Read                                                                                                          ;
+----------------------------------+-----------------+------------------------------------+---------------------------------------------+---------+
; File Name with User-Entered Path ; Used in Netlist ; File Type                          ; File Name with Absolute Path                ; Library ;
+----------------------------------+-----------------+------------------------------------+---------------------------------------------+---------+
; rca4.bdf                         ; yes             ; User Block Diagram/Schematic File  ; /home/bsag/Downloads/LAB05/ula/rca4.bdf     ;         ;
; ha.bdf                           ; yes             ; User Block Diagram/Schematic File  ; /home/bsag/Downloads/LAB05/ula/ha.bdf       ;         ;
; fa.bdf                           ; yes             ; User Block Diagram/Schematic File  ; /home/bsag/Downloads/LAB05/ula/fa.bdf       ;         ;
; and2_4b.bdf                      ; yes             ; User Block Diagram/Schematic File  ; /home/bsag/Downloads/LAB05/ula/and2_4b.bdf  ;         ;
; ula.bdf                          ; yes             ; User Block Diagram/Schematic File  ; /home/bsag/Downloads/LAB05/ula/ula.bdf      ;         ;
; or2_4b.bdf                       ; yes             ; User Block Diagram/Schematic File  ; /home/bsag/Downloads/LAB05/ula/or2_4b.bdf   ;         ;
; not_4b.bdf                       ; yes             ; User Block Diagram/Schematic File  ; /home/bsag/Downloads/LAB05/ula/not_4b.bdf   ;         ;
; mux2_1b.bdf                      ; yes             ; User Block Diagram/Schematic File  ; /home/bsag/Downloads/LAB05/ula/mux2_1b.bdf  ;         ;
; mux2_2b.bdf                      ; yes             ; User Block Diagram/Schematic File  ; /home/bsag/Downloads/LAB05/ula/mux2_2b.bdf  ;         ;
; mux2_4b.bdf                      ; yes             ; User Block Diagram/Schematic File  ; /home/bsag/Downloads/LAB05/ula/mux2_4b.bdf  ;         ;
; mux4_4b.bdf                      ; yes             ; User Block Diagram/Schematic File  ; /home/bsag/Downloads/LAB05/ula/mux4_4b.bdf  ;         ;
; negative.bdf                     ; yes             ; User Block Diagram/Schematic File  ; /home/bsag/Downloads/LAB05/ula/negative.bdf ;         ;
; zero.bdf                         ; yes             ; User Block Diagram/Schematic File  ; /home/bsag/Downloads/LAB05/ula/zero.bdf     ;         ;
+----------------------------------+-----------------+------------------------------------+---------------------------------------------+---------+


+---------------------------------------------------------------+
; Analysis & Synthesis Resource Usage Summary                   ;
+---------------------------------------------+-----------------+
; Resource                                    ; Usage           ;
+---------------------------------------------+-----------------+
; Estimated Total logic elements              ; 11              ;
;                                             ;                 ;
; Total combinational functions               ; 11              ;
; Logic element usage by number of LUT inputs ;                 ;
;     -- 4 input functions                    ; 9               ;
;     -- 3 input functions                    ; 1               ;
;     -- <=2 input functions                  ; 1               ;
;                                             ;                 ;
; Logic elements by mode                      ;                 ;
;     -- normal mode                          ; 11              ;
;     -- arithmetic mode                      ; 0               ;
;                                             ;                 ;
; Total registers                             ; 0               ;
;     -- Dedicated logic registers            ; 0               ;
;     -- I/O registers                        ; 0               ;
;                                             ;                 ;
; I/O pins                                    ; 16              ;
; Embedded Multiplier 9-bit elements          ; 0               ;
; Maximum fan-out node                        ; op_sel[0]~input ;
; Maximum fan-out                             ; 7               ;
; Total fan-out                               ; 63              ;
; Average fan-out                             ; 1.47            ;
+---------------------------------------------+-----------------+


+-----------------------------------------------------------------------------------------------------------------------------------------------------------------------------------------------------------------------+
; Analysis & Synthesis Resource Utilization by Entity                                                                                                                                                                   ;
+-----------------------------+-------------------+--------------+-------------+--------------+---------+-----------+------+--------------+--------------------------------------------------------------+--------------+
; Compilation Hierarchy Node  ; LC Combinationals ; LC Registers ; Memory Bits ; DSP Elements ; DSP 9x9 ; DSP 18x18 ; Pins ; Virtual Pins ; Full Hierarchy Name                                          ; Library Name ;
+-----------------------------+-------------------+--------------+-------------+--------------+---------+-----------+------+--------------+--------------------------------------------------------------+--------------+
; |ula                        ; 11 (0)            ; 0 (0)        ; 0           ; 0            ; 0       ; 0         ; 16   ; 0            ; |ula                                                         ; work         ;
;    |mux4_4b:inst2|          ; 9 (0)             ; 0 (0)        ; 0           ; 0            ; 0       ; 0         ; 0    ; 0            ; |ula|mux4_4b:inst2                                           ; work         ;
;       |mux2_4b:inst4|       ; 9 (0)             ; 0 (0)        ; 0           ; 0            ; 0       ; 0         ; 0    ; 0            ; |ula|mux4_4b:inst2|mux2_4b:inst4                             ; work         ;
;          |mux2_2b:inst2|    ; 5 (0)             ; 0 (0)        ; 0           ; 0            ; 0       ; 0         ; 0    ; 0            ; |ula|mux4_4b:inst2|mux2_4b:inst4|mux2_2b:inst2               ; work         ;
;             |mux2_1b:inst1| ; 3 (3)             ; 0 (0)        ; 0           ; 0            ; 0       ; 0         ; 0    ; 0            ; |ula|mux4_4b:inst2|mux2_4b:inst4|mux2_2b:inst2|mux2_1b:inst1 ; work         ;
;             |mux2_1b:inst|  ; 2 (2)             ; 0 (0)        ; 0           ; 0            ; 0       ; 0         ; 0    ; 0            ; |ula|mux4_4b:inst2|mux2_4b:inst4|mux2_2b:inst2|mux2_1b:inst  ; work         ;
;          |mux2_2b:inst|     ; 4 (0)             ; 0 (0)        ; 0           ; 0            ; 0       ; 0         ; 0    ; 0            ; |ula|mux4_4b:inst2|mux2_4b:inst4|mux2_2b:inst                ; work         ;
;             |mux2_1b:inst1| ; 3 (3)             ; 0 (0)        ; 0           ; 0            ; 0       ; 0         ; 0    ; 0            ; |ula|mux4_4b:inst2|mux2_4b:inst4|mux2_2b:inst|mux2_1b:inst1  ; work         ;
;             |mux2_1b:inst|  ; 1 (1)             ; 0 (0)        ; 0           ; 0            ; 0       ; 0         ; 0    ; 0            ; |ula|mux4_4b:inst2|mux2_4b:inst4|mux2_2b:inst|mux2_1b:inst   ; work         ;
;    |rca4:inst|              ; 1 (0)             ; 0 (0)        ; 0           ; 0            ; 0       ; 0         ; 0    ; 0            ; |ula|rca4:inst                                               ; work         ;
;       |fa:inst2|            ; 1 (1)             ; 0 (0)        ; 0           ; 0            ; 0       ; 0         ; 0    ; 0            ; |ula|rca4:inst|fa:inst2                                      ; work         ;
;    |zero:inst3|             ; 1 (1)             ; 0 (0)        ; 0           ; 0            ; 0       ; 0         ; 0    ; 0            ; |ula|zero:inst3                                              ; work         ;
+-----------------------------+-------------------+--------------+-------------+--------------+---------+-----------+------+--------------+--------------------------------------------------------------+--------------+
Note: For table entries with two numbers listed, the numbers in parentheses indicate the number of resources of the given type used by the specific entity alone. The numbers listed outside of parentheses indicate the total resources of the given type used by the specific entity and all of its sub-entities in the hierarchy.


+------------------------------------------------------+
; General Register Statistics                          ;
+----------------------------------------------+-------+
; Statistic                                    ; Value ;
+----------------------------------------------+-------+
; Total registers                              ; 0     ;
; Number of registers using Synchronous Clear  ; 0     ;
; Number of registers using Synchronous Load   ; 0     ;
; Number of registers using Asynchronous Clear ; 0     ;
; Number of registers using Asynchronous Load  ; 0     ;
; Number of registers using Clock Enable       ; 0     ;
; Number of registers using Preset             ; 0     ;
+----------------------------------------------+-------+


+--------------------------------------------------------------------------------------------------------------------------------------------------------------------------------+
; Multiplexer Restructuring Statistics (Restructuring Performed)                                                                                                                 ;
+--------------------+-----------+---------------+----------------------+------------------------+------------+------------------------------------------------------------------+
; Multiplexer Inputs ; Bus Width ; Baseline Area ; Area if Restructured ; Saving if Restructured ; Registered ; Example Multiplexer Output                                       ;
+--------------------+-----------+---------------+----------------------+------------------------+------------+------------------------------------------------------------------+
; 4:1                ; 4 bits    ; 8 LEs         ; 8 LEs                ; 0 LEs                  ; No         ; |ula|mux4_4b:inst2|mux2_4b:inst4|mux2_2b:inst|mux2_1b:inst|inst2 ;
+--------------------+-----------+---------------+----------------------+------------------------+------------+------------------------------------------------------------------+


+-------------------------------+
; Elapsed Time Per Partition    ;
+----------------+--------------+
; Partition Name ; Elapsed Time ;
+----------------+--------------+
; Top            ; 00:00:00     ;
+----------------+--------------+


+-------------------------------+
; Analysis & Synthesis Messages ;
+-------------------------------+
Info: *******************************************************************
Info: Running Quartus II 64-Bit Analysis & Synthesis
    Info: Version 13.1.0 Build 162 10/23/2013 SJ Web Edition
    Info: Processing started: Thu Apr 24 08:52:47 2025
Info: Command: quartus_map --read_settings_files=on --write_settings_files=off rca4 -c rca4
Warning (20028): Parallel compilation is not licensed and has been disabled
Info (12021): Found 1 design units, including 1 entities, in source file rca4.bdf
    Info (12023): Found entity 1: rca4
Info (12021): Found 1 design units, including 1 entities, in source file ha.bdf
    Info (12023): Found entity 1: ha
Info (12021): Found 1 design units, including 1 entities, in source file fa.bdf
    Info (12023): Found entity 1: fa
Info (12021): Found 1 design units, including 1 entities, in source file and2_4b.bdf
    Info (12023): Found entity 1: and2_4b
Info (12021): Found 1 design units, including 1 entities, in source file ula.bdf
    Info (12023): Found entity 1: ula
Info (12021): Found 1 design units, including 1 entities, in source file or2_4b.bdf
    Info (12023): Found entity 1: or2_4b
Info (12021): Found 1 design units, including 1 entities, in source file not_4b.bdf
    Info (12023): Found entity 1: not_4b
Info (12021): Found 1 design units, including 1 entities, in source file mux2_1b.bdf
    Info (12023): Found entity 1: mux2_1b
Info (12021): Found 1 design units, including 1 entities, in source file mux2_2b.bdf
    Info (12023): Found entity 1: mux2_2b
Info (12021): Found 1 design units, including 1 entities, in source file mux2_4b.bdf
    Info (12023): Found entity 1: mux2_4b
Info (12021): Found 1 design units, including 1 entities, in source file mux4_4b.bdf
    Info (12023): Found entity 1: mux4_4b
Info (12021): Found 1 design units, including 1 entities, in source file negative.bdf
    Info (12023): Found entity 1: negative
Info (12021): Found 1 design units, including 1 entities, in source file zero.bdf
    Info (12023): Found entity 1: zero
Info (12127): Elaborating entity "ula" for the top level hierarchy
Info (12128): Elaborating entity "zero" for hierarchy "zero:inst3"
Info (12128): Elaborating entity "mux4_4b" for hierarchy "mux4_4b:inst2"
Info (12128): Elaborating entity "mux2_4b" for hierarchy "mux4_4b:inst2|mux2_4b:inst4"
Info (12128): Elaborating entity "mux2_2b" for hierarchy "mux4_4b:inst2|mux2_4b:inst4|mux2_2b:inst"
Info (12128): Elaborating entity "mux2_1b" for hierarchy "mux4_4b:inst2|mux2_4b:inst4|mux2_2b:inst|mux2_1b:inst"
Info (12128): Elaborating entity "rca4" for hierarchy "rca4:inst"
Info (12128): Elaborating entity "fa" for hierarchy "rca4:inst|fa:inst4"
Info (12128): Elaborating entity "ha" for hierarchy "rca4:inst|ha:inst"
Info (12128): Elaborating entity "and2_4b" for hierarchy "and2_4b:inst4"
Info (12128): Elaborating entity "or2_4b" for hierarchy "or2_4b:inst5"
Info (12128): Elaborating entity "not_4b" for hierarchy "not_4b:inst8"
Info (12128): Elaborating entity "negative" for hierarchy "negative:inst1"
Info (286030): Timing-Driven Synthesis is running
Info (16010): Generating hard_block partition "hard_block:auto_generated_inst"
    Info (16011): Adding 0 node(s), including 0 DDIO, 0 PLL, 0 transceiver and 0 LCELL
Info (21057): Implemented 27 device resources after synthesis - the final resource count might be different
    Info (21058): Implemented 10 input pins
    Info (21059): Implemented 6 output pins
    Info (21061): Implemented 11 logic cells
Info: Quartus II 64-Bit Analysis & Synthesis was successful. 0 errors, 1 warning
    Info: Peak virtual memory: 651 megabytes
    Info: Processing ended: Thu Apr 24 08:52:48 2025
    Info: Elapsed time: 00:00:01
    Info: Total CPU time (on all processors): 00:00:01


